Determining if the pthread_create exist failed with the following output:
Change Dir: /home/yaroslav/programming/STRLite/ros-side/build/CMakeFiles/CMakeTmp

Run Build Command:"/usr/bin/make" "cmTC_51200/fast"
/usr/bin/make -f CMakeFiles/cmTC_51200.dir/build.make CMakeFiles/cmTC_51200.dir/build
make[1]: Entering directory '/home/yaroslav/programming/STRLite/ros-side/build/CMakeFiles/CMakeTmp'
Building C object CMakeFiles/cmTC_51200.dir/CheckSymbolExists.c.o
/usr/bin/cc     -o CMakeFiles/cmTC_51200.dir/CheckSymbolExists.c.o   -c /home/yaroslav/programming/STRLite/ros-side/build/CMakeFiles/CMakeTmp/CheckSymbolExists.c
Linking C executable cmTC_51200
/usr/bin/cmake -E cmake_link_script CMakeFiles/cmTC_51200.dir/link.txt --verbose=1
/usr/bin/cc       CMakeFiles/cmTC_51200.dir/CheckSymbolExists.c.o  -o cmTC_51200 -rdynamic 
CMakeFiles/cmTC_51200.dir/CheckSymbolExists.c.o: In function `main':
CheckSymbolExists.c:(.text+0x16): undefined reference to `pthread_create'
collect2: error: ld returned 1 exit status
CMakeFiles/cmTC_51200.dir/build.make:97: recipe for target 'cmTC_51200' failed
make[1]: *** [cmTC_51200] Error 1
make[1]: Leaving directory '/home/yaroslav/programming/STRLite/ros-side/build/CMakeFiles/CMakeTmp'
Makefile:126: recipe for target 'cmTC_51200/fast' failed
make: *** [cmTC_51200/fast] Error 2

File /home/yaroslav/programming/STRLite/ros-side/build/CMakeFiles/CMakeTmp/CheckSymbolExists.c:
/* */
#include <pthread.h>

int main(int argc, char** argv)
{
  (void)argv;
#ifndef pthread_create
  return ((int*)(&pthread_create))[argc];
#else
  (void)argc;
  return 0;
#endif
}

Determining if the function pthread_create exists in the pthreads failed with the following output:
Change Dir: /home/yaroslav/programming/STRLite/ros-side/build/CMakeFiles/CMakeTmp

Run Build Command:"/usr/bin/make" "cmTC_d88ca/fast"
/usr/bin/make -f CMakeFiles/cmTC_d88ca.dir/build.make CMakeFiles/cmTC_d88ca.dir/build
make[1]: Entering directory '/home/yaroslav/programming/STRLite/ros-side/build/CMakeFiles/CMakeTmp'
Building C object CMakeFiles/cmTC_d88ca.dir/CheckFunctionExists.c.o
/usr/bin/cc    -DCHECK_FUNCTION_EXISTS=pthread_create   -o CMakeFiles/cmTC_d88ca.dir/CheckFunctionExists.c.o   -c /usr/share/cmake-3.5/Modules/CheckFunctionExists.c
Linking C executable cmTC_d88ca
/usr/bin/cmake -E cmake_link_script CMakeFiles/cmTC_d88ca.dir/link.txt --verbose=1
/usr/bin/cc   -DCHECK_FUNCTION_EXISTS=pthread_create    CMakeFiles/cmTC_d88ca.dir/CheckFunctionExists.c.o  -o cmTC_d88ca -rdynamic -lpthreads 
/usr/bin/ld: cannot find -lpthreads
collect2: error: ld returned 1 exit status
CMakeFiles/cmTC_d88ca.dir/build.make:97: recipe for target 'cmTC_d88ca' failed
make[1]: *** [cmTC_d88ca] Error 1
make[1]: Leaving directory '/home/yaroslav/programming/STRLite/ros-side/build/CMakeFiles/CMakeTmp'
Makefile:126: recipe for target 'cmTC_d88ca/fast' failed
make: *** [cmTC_d88ca/fast] Error 2


